<?xml version="1.0" encoding="UTF-8"?>
<!-- Generated by org.testng.reporters.JUnitXMLReporter -->
<testsuite ignored="0" hostname="MSI" failures="0" tests="5" name="Default test" time="51.152" errors="0" timestamp="2022-12-17T13:15:31 EET">
  <testcase classname="edge_test.smart_buy" name="test_persentage" time="1.065"/>
  <testcase classname="edge_test.smart_buy" name="test_persentage" time="1.054"/>
  <testcase classname="edge_test.smart_buy" name="test_persentage" time="1.045"/>
  <testcase classname="edge_test.smart_buy" name="test_persentage" time="1.056"/>
  <testcase classname="edge_test.smart_buy" name="test_persentage" time="1.038"/>
</testsuite> <!-- Default test -->
