<?xml version="1.0" encoding="UTF-8"?>
<testng-results ignored="0" total="5" passed="5" failed="0" skipped="0">
  <reporter-output>
  </reporter-output>
  <suite started-at="2022-12-17T13:14:40 EET" name="Default suite" finished-at="2022-12-17T13:15:31 EET" duration-ms="51152">
    <groups>
    </groups>
    <test started-at="2022-12-17T13:14:40 EET" name="Default test" finished-at="2022-12-17T13:15:31 EET" duration-ms="51152">
      <class name="edge_test.smart_buy">
        <test-method is-config="true" signature="this_is_before_test()[pri:0, instance:edge_test.smart_buy@6356695f]" started-at="2022-12-17T13:14:40 EET" name="this_is_before_test" finished-at="2022-12-17T13:15:26 EET" duration-ms="45808" status="PASS">
          <reporter-output>
          </reporter-output>
        </test-method> <!-- this_is_before_test -->
        <test-method signature="test_persentage()[pri:0, instance:edge_test.smart_buy@6356695f]" started-at="2022-12-17T13:15:26 EET" name="test_persentage" finished-at="2022-12-17T13:15:27 EET" duration-ms="1065" status="PASS">
          <reporter-output>
          </reporter-output>
        </test-method> <!-- test_persentage -->
        <test-method signature="test_persentage()[pri:0, instance:edge_test.smart_buy@6356695f]" started-at="2022-12-17T13:15:27 EET" name="test_persentage" finished-at="2022-12-17T13:15:28 EET" duration-ms="1054" status="PASS">
          <reporter-output>
          </reporter-output>
        </test-method> <!-- test_persentage -->
        <test-method signature="test_persentage()[pri:0, instance:edge_test.smart_buy@6356695f]" started-at="2022-12-17T13:15:28 EET" name="test_persentage" finished-at="2022-12-17T13:15:29 EET" duration-ms="1045" status="PASS">
          <reporter-output>
          </reporter-output>
        </test-method> <!-- test_persentage -->
        <test-method signature="test_persentage()[pri:0, instance:edge_test.smart_buy@6356695f]" started-at="2022-12-17T13:15:29 EET" name="test_persentage" finished-at="2022-12-17T13:15:30 EET" duration-ms="1056" status="PASS">
          <reporter-output>
          </reporter-output>
        </test-method> <!-- test_persentage -->
        <test-method signature="test_persentage()[pri:0, instance:edge_test.smart_buy@6356695f]" started-at="2022-12-17T13:15:30 EET" name="test_persentage" finished-at="2022-12-17T13:15:31 EET" duration-ms="1038" status="PASS">
          <reporter-output>
          </reporter-output>
        </test-method> <!-- test_persentage -->
      </class> <!-- edge_test.smart_buy -->
    </test> <!-- Default test -->
  </suite> <!-- Default suite -->
</testng-results>
